<?xml version="1.0" encoding="UTF-8"?>
<!-- Generated by org.testng.reporters.JUnitXMLReporter -->
<testsuite hostname="GHRYFH2" ignored="0" name="Default test" tests="1" failures="0" timestamp="2019-05-06T20:09:57 ICT" time="0.047" errors="0">
  <testcase name="@BeforeTest Setbrowers" time="-1.557148197414E9" classname="com.Kmslearn.Selenium.Browser">
    <failure type="org.testng.TestNGException" message="
Parameter &amp;apos;browser&amp;apos; is required by BeforeTest on method Setbrowers but has not been marked @Optional or defined
in C:\Users\vinhha\AppData\Local\Temp\testng-eclipse--634405060\testng-customsuite.xml">
      <![CDATA[org.testng.TestNGException: 
Parameter 'browser' is required by BeforeTest on method Setbrowers but has not been marked @Optional or defined
in C:\Users\vinhha\AppData\Local\Temp\testng-eclipse--634405060\testng-customsuite.xml
at org.testng.internal.Parameters.createParams(Parameters.java:289)
at org.testng.internal.Parameters.createParametersForMethod(Parameters.java:377)
at org.testng.internal.Parameters.createParameters(Parameters.java:698)
at org.testng.internal.Parameters.createConfigurationParameters(Parameters.java:164)
at org.testng.internal.ConfigInvoker.invokeConfigurations(ConfigInvoker.java:275)
at org.testng.TestRunner.invokeTestConfigurations(TestRunner.java:626)
at org.testng.TestRunner.beforeRun(TestRunner.java:616)
at org.testng.TestRunner.run(TestRunner.java:587)
at org.testng.SuiteRunner.runTest(SuiteRunner.java:398)
at org.testng.SuiteRunner.runSequentially(SuiteRunner.java:392)
at org.testng.SuiteRunner.privateRun(SuiteRunner.java:355)
at org.testng.SuiteRunner.run(SuiteRunner.java:304)
at org.testng.SuiteRunnerWorker.runSuite(SuiteRunnerWorker.java:53)
at org.testng.SuiteRunnerWorker.run(SuiteRunnerWorker.java:96)
at org.testng.TestNG.runSuitesSequentially(TestNG.java:1146)
at org.testng.TestNG.runSuitesLocally(TestNG.java:1067)
at org.testng.TestNG.runSuites(TestNG.java:997)
at org.testng.TestNG.run(TestNG.java:965)
at org.testng.remote.AbstractRemoteTestNG.run(AbstractRemoteTestNG.java:115)
at org.testng.remote.RemoteTestNG.initAndRun(RemoteTestNG.java:251)
at org.testng.remote.RemoteTestNG.main(RemoteTestNG.java:77)
]]>
    </failure>
  </testcase> <!-- @BeforeTest Setbrowers -->
  <testcase name="@AfterTest QuitDriver" time="-1.557148197461E9" classname="com.Kmslearn.Selenium.Browser">
    <skipped/>
  </testcase> <!-- @AfterTest QuitDriver -->
  <testcase name="CheckNote" time="0.0" classname="com.Kmslearn.Selenium.Test3">
    <skipped/>
  </testcase> <!-- CheckNote -->
</testsuite> <!-- Default test -->
