<?xml version="1.0" encoding="UTF-8"?>
<!-- Generated by org.testng.reporters.JUnitXMLReporter -->
<testsuite hostname="GHRYFH2" ignored="0" name="Chrome_Test" tests="1" failures="1" timestamp="2019-05-04T17:28:28 ICT" time="0.079" errors="0">
  <testcase name="OpenBrowers" time="0.048" classname="com.Kmslearn.Selenium.Test1">
    <failure type="java.lang.IllegalStateException" message="The driver executable does not exist: D:\Project 2\Selenium\.\win_driver\chromedriver.exe">
      <![CDATA[java.lang.IllegalStateException: The driver executable does not exist: D:\Project 2\Selenium\.\win_driver\chromedriver.exe
at com.google.common.base.Preconditions.checkState(Preconditions.java:585)
at org.openqa.selenium.remote.service.DriverService.checkExecutable(DriverService.java:146)
at org.openqa.selenium.remote.service.DriverService.findExecutable(DriverService.java:141)
at org.openqa.selenium.chrome.ChromeDriverService.access$000(ChromeDriverService.java:35)
at org.openqa.selenium.chrome.ChromeDriverService$Builder.findDefaultExecutable(ChromeDriverService.java:159)
at org.openqa.selenium.remote.service.DriverService$Builder.build(DriverService.java:355)
at org.openqa.selenium.chrome.ChromeDriverService.createDefaultService(ChromeDriverService.java:94)
at org.openqa.selenium.chrome.ChromeDriver.<init>(ChromeDriver.java:123)
at com.Kmslearn.Selenium.Test1.Setbrowers(Test1.java:22)
at com.Kmslearn.Selenium.Test1.OpenBrowers(Test1.java:33)
... Removed 27 stack frames]]>
    </failure>
  </testcase> <!-- OpenBrowers -->
</testsuite> <!-- Chrome_Test -->
